[2012-12-01 08:35:16] START
[2012-12-01 08:36:13] EDIT form/models/db.py: 5
[2012-12-01 08:36:35] CREATE default/display_your_form.html: 0
[2012-12-01 08:38:46] EDIT form/views/default/display_your_form.html: 6
[2012-12-01 08:39:25] EDIT form/controllers/default.py: -51
[2012-12-01 08:40:20] EDIT form/models/db.py: 0
[2012-12-01 08:42:21] EDIT form/controllers/default.py: -5
[2012-12-01 08:43:08] EDIT form/controllers/default.py: -46
[2012-12-01 08:43:16] EDIT form/controllers/default.py: 46
[2012-12-01 08:46:02] EDIT form/controllers/default.py: -46
[2012-12-01 08:47:20] EDIT form/views/default/display_your_form.html: -4
[2012-12-01 08:49:09] EDIT form/views/default/display_your_form.html: 9
[2012-12-01 08:54:07] EDIT form/views/default/display_your_form.html: -5
[2012-12-01 09:10:56] EDIT form/views/default/display_your_form.html: 0
[2012-12-04 21:26:29] EDIT form/controllers/default.py: 11
[2012-12-04 21:28:02] EDIT form/controllers/default.py: -5
[2012-12-04 21:53:11] EDIT form/views/default/display_your_form.html: 4
[2012-12-04 21:55:20] EDIT form/views/default/display_your_form.html: 0
[2012-12-04 21:55:47] EDIT form/views/default/display_your_form.html: 0
[2012-12-04 22:00:23] EDIT form/views/default/display_your_form.html: 2
[2012-12-04 22:01:29] EDIT form/views/default/display_your_form.html: 0
[2012-12-05 08:59:45] EDIT form/models/db.py: 0
[2012-12-05 09:00:08] EDIT form/models/db.py: 0
[2012-12-05 09:00:13] EDIT form/models/db.py: 0
[2012-12-05 09:02:58] EDIT form/models/db.py: 0
[2012-12-05 09:05:37] EDIT form/models/db.py: 0
[2012-12-05 09:06:07] EDIT form/models/db.py: 0
[2012-12-05 09:06:10] EDIT form/models/db.py: 0
[2012-12-05 09:16:50] EDIT form/models/db.py: 0
[2012-12-05 09:21:17] EDIT form/controllers/default.py: 0
[2012-12-05 09:22:32] EDIT form/controllers/default.py: 0
[2012-12-05 09:23:58] EDIT form/views/default/display_your_form.html: -6
[2012-12-05 09:25:56] EDIT form/views/default/display_your_form.html: 0
[2012-12-05 09:26:08] EDIT form/models/db.py: 0
[2012-12-05 09:26:31] EDIT form/models/db.py: 0
[2012-12-05 09:26:59] EDIT form/models/db.py: 0
[2012-12-05 09:40:05] EDIT form/views/default/display_your_form.html: 1
[2012-12-05 09:40:53] EDIT form/views/default/display_your_form.html: 0
[2012-12-05 09:41:21] EDIT form/views/default/display_your_form.html: -2
[2012-12-05 09:44:15] EDIT form/views/default/display_your_form.html: 0
[2012-12-05 09:47:27] EDIT form/controllers/default.py: 0
[2012-12-05 09:48:02] EDIT form/controllers/default.py: 0
[2012-12-05 09:51:17] EDIT form/controllers/default.py: 0
[2012-12-05 09:52:00] EDIT form/models/db.py: 0
[2012-12-05 09:52:03] EDIT form/models/db.py: 0
[2012-12-05 10:04:41] EDIT form/models/db.py: 0
[2012-12-05 19:56:06] EDIT form/models/db.py: 0
[2012-12-05 19:57:12] EDIT form/views/default/display_your_form.html: 0
[2012-12-05 19:57:52] EDIT form/controllers/default.py: 0
[2012-12-05 19:58:01] EDIT form/controllers/default.py: 0
[2012-12-05 19:59:14] EDIT form/controllers/default.py: 0
[2012-12-05 20:27:32] EDIT form/models/db.py: 0
[2012-12-05 20:28:11] EDIT form/models/db.py: 0
[2012-12-08 20:15:39] EDIT form/controllers/default.py: 1
[2012-12-08 20:16:04] EDIT form/controllers/default.py: 0
[2012-12-08 20:16:19] EDIT form/controllers/default.py: 0
[2012-12-08 20:16:46] EDIT form/controllers/default.py: 0
[2012-12-08 20:18:47] EDIT form/controllers/default.py: 0
[2012-12-08 20:19:21] EDIT form/controllers/default.py: 0
[2012-12-08 20:20:07] EDIT form/controllers/default.py: -1
[2012-12-08 20:21:09] EDIT form/controllers/default.py: 0
[2012-12-08 20:23:02] EDIT form/controllers/default.py: 0
[2012-12-08 20:24:47] EDIT form/controllers/default.py: 1
[2012-12-08 20:25:34] EDIT form/controllers/default.py: 0
[2012-12-08 20:25:55] EDIT form/controllers/default.py: 0
[2012-12-08 20:28:42] EDIT form/controllers/default.py: 0
[2012-12-08 20:29:25] EDIT form/controllers/default.py: 0
[2012-12-08 20:39:25] EDIT form/controllers/default.py: 0
[2012-12-08 20:40:10] EDIT form/controllers/default.py: 0
[2012-12-08 21:07:48] EDIT form/models/db.py: 0
[2012-12-08 21:13:21] EDIT form/models/db.py: 0
[2012-12-08 21:19:30] EDIT form/models/db.py: 0
[2012-12-08 21:21:37] EDIT form/controllers/default.py: 3
[2012-12-08 21:49:33] EDIT form/models/db.py: 0
[2012-12-08 21:49:47] EDIT form/models/db.py: 0
[2012-12-08 21:50:36] EDIT form/models/db.py: 0
[2012-12-08 21:51:58] EDIT form/models/db.py: 0
[2012-12-08 21:53:31] EDIT form/models/db.py: 0
[2012-12-08 21:55:06] EDIT form/models/db.py: 1
[2012-12-08 21:55:22] EDIT form/models/db.py: -1
[2012-12-08 21:59:52] EDIT form/models/db.py: 0
[2012-12-08 22:00:36] EDIT form/models/db.py: 2
[2012-12-08 22:13:08] EDIT form/controllers/default.py: 0
[2012-12-08 22:30:07] EDIT form/models/db.py: 1
[2012-12-08 22:56:47] EDIT form/models/db.py: -1
[2012-12-09 08:38:07] EDIT form/controllers/default.py: 0
[2012-12-09 08:44:26] EDIT form/controllers/default.py: 0
[2012-12-09 08:45:31] EDIT form/controllers/default.py: 0
[2012-12-09 08:47:02] EDIT form/controllers/default.py: 0
[2012-12-09 08:48:30] EDIT form/models/db.py: 0
[2012-12-09 22:04:58] EDIT form/static/css/bootstrap.min.css: 862
[2012-12-09 22:05:16] EDIT form/static/css/bootstrap.min.css: 0
[2012-12-09 22:06:48] EDIT form/models/menu.py: 2
[2012-12-09 22:07:19] EDIT form/models/menu.py: 2
[2012-12-09 22:07:29] EDIT form/models/menu.py: 0
[2012-12-09 22:07:47] EDIT form/models/menu.py: 2
[2012-12-09 22:08:09] EDIT form/models/menu.py: -6
[2012-12-09 22:08:52] EDIT form/views/default/display_your_form.html: -1
[2012-12-09 22:08:59] EDIT form/views/default/display_your_form.html: 1
[2012-12-09 22:10:09] EDIT form/views/layout.html: 22
[2012-12-09 22:10:40] EDIT form/views/layout.html: -22
[2012-12-09 22:11:29] EDIT form/views/layout.html: -22
[2012-12-09 22:12:18] EDIT form/views/layout.html: 22
[2012-12-09 22:29:20] EDIT form/views/default/display_your_form.html: 0
[2012-12-09 22:31:13] EDIT form/views/default/display_your_form.html: 0
[2012-12-09 22:31:36] EDIT form/views/default/display_your_form.html: -2
[2012-12-09 22:32:16] EDIT form/views/plugin_layouts/layouts/KeepitSimple.html: -10
[2012-12-09 22:32:45] EDIT form/views/plugin_layouts/layouts/KeepitSimple.html: -6
[2012-12-09 22:33:40] EDIT form/views/plugin_layouts/layouts/KeepitSimple.html: 6
[2012-12-09 22:33:56] EDIT form/views/plugin_layouts/layouts/KeepitSimple.html: -3
[2012-12-09 22:34:04] EDIT form/views/plugin_layouts/layouts/KeepitSimple.html: 2
[2012-12-09 22:34:27] EDIT form/views/plugin_layouts/layouts/KeepitSimple.html: -1
[2012-12-09 22:55:24] DELETE form/views/plugin_layouts/layouts/KeepitSimple.html: -43
[2012-12-09 22:55:28] DELETE form/views/plugin_layouts/layouts/Whitelight.html: -142
[2012-12-09 23:01:21] EDIT form/views/default/display_your_form.html: 0
[2012-12-09 23:01:27] EDIT form/views/default/display_your_form.html: 0
[2012-12-09 23:01:54] EDIT form/views/default/display_your_form.html: 0
[2012-12-09 23:02:58] EDIT form/views/default/display_your_form.html: 0
[2012-12-09 23:12:35] EDIT form/views/default/display_your_form.html: -4
[2012-12-09 23:13:22] EDIT form/views/default/display_your_form.html: -4
[2012-12-09 23:14:14] EDIT form/views/default/display_your_form.html: -2
[2012-12-10 07:48:34] EDIT form/views/plugin_layouts/layouts/KeepitSimple.html: 0
[2012-12-10 07:48:52] EDIT form/views/plugin_layouts/layouts/KeepitSimple.html: -1
[2012-12-10 07:49:53] EDIT form/views/plugin_layouts/layouts/KeepitSimple.html: -1
[2012-12-10 07:50:46] EDIT form/views/plugin_layouts/layouts/KeepitSimple.html: -10
[2012-12-10 07:54:36] EDIT form/views/plugin_layouts/layouts/KeepitSimple.html: 0
[2012-12-10 07:59:47] EDIT form/static/css/bootstrap.min.css: 111
[2012-12-10 07:59:54] EDIT form/static/css/bootstrap.min.css: 0
[2012-12-10 08:01:04] EDIT form/static/plugin_layouts/superfish.css: 848
[2012-12-10 08:02:10] EDIT form/views/plugin_layouts/layouts/KeepitSimple.html: 0
[2012-12-10 08:02:17] EDIT form/views/plugin_layouts/layouts/KeepitSimple.html: 0
[2012-12-10 08:03:02] EDIT form/static/plugin_layouts/superfish.css: 0
[2012-12-10 08:05:23] EDIT form/views/plugin_layouts/layouts/KeepitSimple.html: 0
[2012-12-10 08:05:32] EDIT form/views/plugin_layouts/layouts/KeepitSimple.html: 0
[2012-12-10 08:06:38] EDIT form/views/plugin_layouts/layouts/KeepitSimple.html: 0
[2012-12-10 08:06:47] EDIT form/views/plugin_layouts/layouts/KeepitSimple.html: 0
[2012-12-10 08:06:54] EDIT form/views/plugin_layouts/layouts/KeepitSimple.html: 0
[2012-12-10 08:09:55] EDIT form/views/plugin_layouts/layouts/KeepitSimple.html: 2
[2012-12-10 08:10:20] EDIT form/views/plugin_layouts/layouts/KeepitSimple.html: -1
[2012-12-10 08:11:14] EDIT form/static/css/bootstrap.min.css: 0
[2012-12-10 08:12:02] EDIT form/static/css/bootstrap.min.css: 879
[2012-12-10 08:12:40] EDIT form/static/css/bootstrap.min.css: -981
[2012-12-10 08:13:26] EDIT form/static/css/bootstrap.min.css: 64
[2012-12-10 08:16:22] EDIT form/views/plugin_layouts/layouts/KeepitSimple.html: 2
[2012-12-10 08:17:51] EDIT form/views/plugin_layouts/layouts/KeepitSimple.html: -1
[2012-12-10 08:18:16] EDIT form/views/plugin_layouts/layouts/KeepitSimple.html: 1
[2012-12-10 11:46:11] EDIT form/models/db.py: 0
[2012-12-10 11:46:40] EDIT form/models/db.py: 0
